 least-squares fit of etot(v) by Murnaghan eq.

            UNIT OF LENGTH:   ULA =       0.529177  ANGSTROEM
            UNIT OF ENERGY: IUNIT =   2:
                                         (ENERGIES INPUT IN ELECTRONVOLTS)

 IN THE STRUCTURE CONSIDERED, THE UNIT CELL VOLUME = A**3  *       1.000000

min and max alat(bohr) to compute Etot for at  70 points =           8.0000000 and          11.0000000
         NUMBER OF DATA POINTS: N =   21
 -------------------------------------------------------------------------------


     I     ALATT         VOLUME        ENERGY (EV)            ENERGY (RY)

     1       9.800000     941.192000    -307.0656596240    -307.0656596240
     2       9.850000     955.671625    -307.1408809026    -307.1408809026
     3       9.900000     970.299000    -307.2087391857    -307.2087391857
     4       9.950000     985.074875    -307.2695301249    -307.2695301249
     5      10.000000    1000.000000    -307.3235409366    -307.3235409366
     6      10.050000    1015.075125    -307.3710502655    -307.3710502655
     7      10.100000    1030.301000    -307.4123265521    -307.4123265521
     8      10.150000    1045.678375    -307.4476288487    -307.4476288487
     9      10.200000    1061.208000    -307.4772095411    -307.4772095411
    10      10.250000    1076.890625    -307.5013104025    -307.5013104025
    11      10.300000    1092.727000    -307.5201668116    -307.5201668116
    12      10.350000    1108.717875    -307.5340062555    -307.5340062555
    13      10.400000    1124.864000    -307.5430473779    -307.5430473779
    14      10.450000    1141.166125    -307.5475032441    -307.5475032441
    15      10.500000    1157.625000    -307.5475795720    -307.5475795720
    16      10.550000    1174.241375    -307.5434747329    -307.5434747329
    17      10.600000    1191.016000    -307.5353815195    -307.5353815195
    18      10.650000    1207.949625    -307.5234855134    -307.5234855134
    19      10.700000    1225.043000    -307.5079668542    -307.5079668542
    20      10.750000    1242.296875    -307.4889994227    -307.4889994227
    21      10.800000    1259.712000    -307.4667509770    -307.4667509770
 -------------------------------------------------------------------------------

      ALATT0   VOL0 (ULA**3)  B0 (MBAR)     B0PRIME       E0 (EV)      E0 (RY)

       10.5000   1157.62500      1.00000      4.00000   -307.54758      0.00000
                                                                (=INITIAL GUESS)

 MIN:   5.2500    144.70312      0.01000      0.01000
 MAX:  15.7500   3906.98437     10.00000     10.00000
 -------------------------------------------------------------------------------

 FIT BY MURNAGHAN EQUATION EQUATION OF STATE
 -------------------------------------------------------------------------------

 ITER ALATT0   VOL0 (ULA**3)  B0 (MBAR)     B0PRIME      E0 (EV)    SUM OF SQUARES
                                                                           IERR

   20  10.4763   1149.78769      0.19604      4.13077   -307.54809      0.00000
                                                                              1
   40  10.4763   1149.78769      0.19604      4.13077   -307.54809      0.00000
                                                                              0
   40  10.4763   1149.78769      0.19604      4.13077   -307.54809      0.00000
                                                                              0
 -------------------------------------------------------------------------------

      ALATT0   VOL0 (ULA**3)  B0 (MBAR)     B0PRIME       E0 (EV)      E0 (RY)

alat=  10.47625 b0=    0.1960 b0p=     4.131 E0= -11.301929
       10.4763   1149.78769      0.19604      4.13077   -307.54809    -22.60415
        5.5438
 -------------------------------------------------------------------------------

        alat(A)          energy(Ryd)            alat(bohr)          energy(H)          energy(eV)
 -------------------------------------------------------------------------------

        4.23342         -21.6819944        8.00000         -10.8409972        -295.0014512
        4.25642         -21.7300882        8.04348         -10.8650441        -295.6558077
        4.27943         -21.7761010        8.08696         -10.8880505        -296.2818494
        4.30244         -21.8201156        8.13043         -10.9100578        -296.8807048
        4.32545         -21.8622115        8.17391         -10.9311058        -297.4534542
        4.34846         -21.9024647        8.21739         -10.9512323        -298.0011317
        4.37146         -21.9409479        8.26087         -10.9704739        -298.5247272
        4.39447         -21.9777308        8.30435         -10.9888654        -299.0251889
        4.41748         -22.0128801        8.34783         -11.0064401        -299.5034249
        4.44049         -22.0464599        8.39130         -11.0232299        -299.9603050
        4.46349         -22.0785313        8.43478         -11.0392656        -300.3966630
        4.48650         -22.1091530        8.47826         -11.0545765        -300.8132977
        4.50951         -22.1383815        8.52174         -11.0691907        -301.2109748
        4.53252         -22.1662706        8.56522         -11.0831353        -301.5904286
        4.55552         -22.1928720        8.60870         -11.0964360        -301.9523631
        4.57853         -22.2182354        8.65217         -11.1091177        -302.2974534
        4.60154         -22.2424084        8.69565         -11.1212042        -302.6263473
        4.62455         -22.2654367        8.73913         -11.1327184        -302.9396661
        4.64756         -22.2873641        8.78261         -11.1436820        -303.2380061
        4.67056         -22.3082326        8.82609         -11.1541163        -303.5219396
        4.69357         -22.3280827        8.86957         -11.1640413        -303.7920159
        4.71658         -22.3469530        8.91304         -11.1734765        -304.0487623
        4.73959         -22.3648808        8.95652         -11.1824404        -304.2926852
        4.76259         -22.3819019        9.00000         -11.1909509        -304.5242710
        4.78560         -22.3980505        9.04348         -11.1990253        -304.7439866
        4.80861         -22.4133597        9.08696         -11.2066799        -304.9522809
        4.83162         -22.4278612        9.13043         -11.2139306        -305.1495849
        4.85462         -22.4415853        9.17391         -11.2207926        -305.3363130
        4.87763         -22.4545614        9.21739         -11.2272807        -305.5128632
        4.90064         -22.4668175        9.26087         -11.2334088        -305.6796184
        4.92365         -22.4783808        9.30435         -11.2391904        -305.8369464
        4.94666         -22.4892772        9.34783         -11.2446386        -305.9852010
        4.96966         -22.4995317        9.39130         -11.2497659        -306.1247224
        4.99267         -22.5091684        9.43478         -11.2545842        -306.2558377
        5.01568         -22.5182104        9.47826         -11.2591052        -306.3788617
        5.03869         -22.5266800        9.52174         -11.2633400        -306.4940970
        5.06169         -22.5345985        9.56522         -11.2672993        -306.6018350
        5.08470         -22.5419866        9.60870         -11.2709933        -306.7023558
        5.10771         -22.5488641        9.65217         -11.2744320        -306.7959293
        5.13072         -22.5552500        9.69565         -11.2776250        -306.8828150
        5.15373         -22.5611627        9.73913         -11.2805814        -306.9632628
        5.17673         -22.5666200        9.78261         -11.2833100        -307.0375133
        5.19974         -22.5716388        9.82609         -11.2858194        -307.1057981
        5.22275         -22.5762355        9.86957         -11.2881177        -307.1683403
        5.24576         -22.5804259        9.91304         -11.2902130        -307.2253545
        5.26876         -22.5842253        9.95652         -11.2921126        -307.2770478
        5.29177         -22.5876482       10.00000         -11.2938241        -307.3236193
        5.31478         -22.5907088       10.04348         -11.2953544        -307.3652611
        5.33779         -22.5934206       10.08696         -11.2967103        -307.4021580
        5.36079         -22.5957968       10.13043         -11.2978984        -307.4344883
        5.38380         -22.5978500       10.17391         -11.2989250        -307.4624237
        5.40681         -22.5995923       10.21739         -11.2997962        -307.4861296
        5.42982         -22.6010355       10.26087         -11.3005178        -307.5057656
        5.45283         -22.6021909       10.30435         -11.3010955        -307.5214855
        5.47583         -22.6030694       10.34783         -11.3015347        -307.5334373
        5.49884         -22.6036814       10.39130         -11.3018407        -307.5417641
        5.52185         -22.6040370       10.43478         -11.3020185        -307.5466035
        5.54486         -22.6041462       10.47826         -11.3020731        -307.5480884
        5.56786         -22.6040182       10.52174         -11.3020091        -307.5463469
        5.59087         -22.6036621       10.56522         -11.3018311        -307.5415024
        5.61388         -22.6030868       10.60870         -11.3015434        -307.5336743
        5.63689         -22.6023006       10.65217         -11.3011503        -307.5229772
        5.65989         -22.6013116       10.69565         -11.3006558        -307.5095222
        5.68290         -22.6001279       10.73913         -11.3000639        -307.4934161
        5.70591         -22.5987569       10.78261         -11.2993784        -307.4747622
        5.72892         -22.5972059       10.82609         -11.2986029        -307.4536598
        5.75193         -22.5954820       10.86957         -11.2977410        -307.4302052
        5.77493         -22.5935921       10.91304         -11.2967960        -307.4044909
        5.79794         -22.5915426       10.95652         -11.2957713        -307.3766064
        5.82095         -22.5893400       11.00000         -11.2946700        -307.3466379
